C:\USERS\ARSENTII\DOCUMENTS\VISUAL STUDIO 2012\PROJECTS\TASK5\TEXTCLEANER\DEBUG\MAIN.OBJ
C:\USERS\ARSENTII\DOCUMENTS\VISUAL STUDIO 2012\PROJECTS\TASK5\TEXTCLEANER\DEBUG\VC110.PDB
C:\USERS\ARSENTII\DOCUMENTS\VISUAL STUDIO 2012\PROJECTS\TASK5\DEBUG\TEXTCLEANER.ILK
C:\USERS\ARSENTII\DOCUMENTS\VISUAL STUDIO 2012\PROJECTS\TASK5\DEBUG\TEXTCLEANER.EXE
C:\USERS\ARSENTII\DOCUMENTS\VISUAL STUDIO 2012\PROJECTS\TASK5\DEBUG\TEXTCLEANER.PDB
C:\Users\arsentii\Documents\Visual Studio 2012\Projects\Task5\TextCleaner\Debug\main.obj
C:\Users\arsentii\Documents\Visual Studio 2012\Projects\Task5\TextCleaner\Debug\cl.command.1.tlog
C:\Users\arsentii\Documents\Visual Studio 2012\Projects\Task5\TextCleaner\Debug\CL.read.1.tlog
C:\Users\arsentii\Documents\Visual Studio 2012\Projects\Task5\TextCleaner\Debug\CL.write.1.tlog
C:\Users\arsentii\Documents\Visual Studio 2012\Projects\Task5\TextCleaner\Debug\link-cvtres.read.1.tlog
C:\Users\arsentii\Documents\Visual Studio 2012\Projects\Task5\TextCleaner\Debug\link-cvtres.write.1.tlog
C:\Users\arsentii\Documents\Visual Studio 2012\Projects\Task5\TextCleaner\Debug\link-rc.read.1.tlog
C:\Users\arsentii\Documents\Visual Studio 2012\Projects\Task5\TextCleaner\Debug\link-rc.write.1.tlog
C:\Users\arsentii\Documents\Visual Studio 2012\Projects\Task5\TextCleaner\Debug\link.command.1.tlog
C:\Users\arsentii\Documents\Visual Studio 2012\Projects\Task5\TextCleaner\Debug\link.read.1.tlog
C:\Users\arsentii\Documents\Visual Studio 2012\Projects\Task5\TextCleaner\Debug\link.write.1.tlog
C:\Users\arsentii\Documents\Visual Studio 2012\Projects\Task5\TextCleaner\Debug\vc110.idb
C:\Users\arsentii\Documents\Visual Studio 2012\Projects\Task5\TextCleaner\Debug\vc110.pdb
C:\Users\arsentii\Documents\Visual Studio 2012\Projects\Task5\Debug\TextCleaner.pdb
C:\Users\arsentii\Documents\Visual Studio 2012\Projects\Task5\Debug\TextCleaner.exe
C:\Users\arsentii\Documents\Visual Studio 2012\Projects\Task5\Debug\TextCleaner.ilk
