Build started 26.05.17 11:20:22.
     1>Project "C:\Users\arsentii\Documents\Visual Studio 2012\Projects\Arcanoid\Arcanoid\Arcanoid.vcxproj" on node 2 (Build target(s)).
     1>ClCompile:
         C:\Program Files (x86)\Microsoft Visual Studio 11.0\VC\bin\CL.exe /c /ZI /nologo /W3 /WX- /Od /Oy- /D WIN32 /D _DEBUG /D _WINDOWS /D _UNICODE /D UNICODE /Gm /EHsc /RTC1 /MDd /GS /fp:precise /Zc:wchar_t /Zc:forScope /Fo"Debug\\" /Fd"Debug\vc110.pdb" /Gd /TP /analyze- /errorReport:prompt Playground.cpp Presenter.cpp main.cpp
         Presenter.cpp
     1>c:\users\arsentii\documents\visual studio 2012\projects\arcanoid\arcanoid\pingpongwindow.hpp(32): warning C4244: 'initializing' : conversion from 'double' to 'int', possible loss of data
     1>c:\users\arsentii\documents\visual studio 2012\projects\arcanoid\arcanoid\pingpongwindow.hpp(37): warning C4244: '=' : conversion from 'double' to 'LONG', possible loss of data
     1>c:\users\arsentii\documents\visual studio 2012\projects\arcanoid\arcanoid\pingpongwindow.hpp(38): warning C4244: '=' : conversion from 'double' to 'LONG', possible loss of data
     1>c:\users\arsentii\documents\visual studio 2012\projects\arcanoid\arcanoid\pingpongwindow.hpp(116): warning C4244: 'argument' : conversion from 'const double' to 'UINT', possible loss of data
     1>c:\users\arsentii\documents\visual studio 2012\projects\arcanoid\arcanoid\presenter.cpp(13): warning C4101: 'exc' : unreferenced local variable
     1>c:\users\arsentii\documents\visual studio 2012\projects\arcanoid\arcanoid\presenter.cpp(53): warning C4244: 'argument' : conversion from 'const double' to 'int', possible loss of data
     1>c:\users\arsentii\documents\visual studio 2012\projects\arcanoid\arcanoid\presenter.cpp(78): warning C4244: 'argument' : conversion from 'const double' to 'int', possible loss of data
     1>c:\users\arsentii\documents\visual studio 2012\projects\arcanoid\arcanoid\presenter.cpp(104): warning C4244: 'argument' : conversion from 'const double' to 'int', possible loss of data
         Generating Code...
         Compiling...
         main.cpp
     1>c:\users\arsentii\documents\visual studio 2012\projects\arcanoid\arcanoid\pingpongwindow.hpp(32): warning C4244: 'initializing' : conversion from 'double' to 'int', possible loss of data
     1>c:\users\arsentii\documents\visual studio 2012\projects\arcanoid\arcanoid\pingpongwindow.hpp(37): warning C4244: '=' : conversion from 'double' to 'LONG', possible loss of data
     1>c:\users\arsentii\documents\visual studio 2012\projects\arcanoid\arcanoid\pingpongwindow.hpp(38): warning C4244: '=' : conversion from 'double' to 'LONG', possible loss of data
     1>c:\users\arsentii\documents\visual studio 2012\projects\arcanoid\arcanoid\pingpongwindow.hpp(116): warning C4244: 'argument' : conversion from 'const double' to 'UINT', possible loss of data
         Playground.cpp
         Generating Code...
       Link:
         C:\Program Files (x86)\Microsoft Visual Studio 11.0\VC\bin\link.exe /ERRORREPORT:PROMPT /OUT:"C:\Users\arsentii\Documents\Visual Studio 2012\Projects\Arcanoid\Debug\Arcanoid.exe" /INCREMENTAL /NOLOGO kernel32.lib user32.lib gdi32.lib winspool.lib comdlg32.lib advapi32.lib shell32.lib ole32.lib oleaut32.lib uuid.lib odbc32.lib odbccp32.lib /MANIFEST /MANIFESTUAC:"level='asInvoker' uiAccess='false'" /manifest:embed /DEBUG /PDB:"C:\Users\arsentii\Documents\Visual Studio 2012\Projects\Arcanoid\Debug\Arcanoid.pdb" /SUBSYSTEM:WINDOWS /TLBID:1 /DYNAMICBASE /NXCOMPAT /IMPLIB:"C:\Users\arsentii\Documents\Visual Studio 2012\Projects\Arcanoid\Debug\Arcanoid.lib" /MACHINE:X86 Debug\Ball.obj
         Debug\Block.obj
         Debug\BlocksManager.obj
         Debug\main.obj
         Debug\Plate.obj
         Debug\Playground.obj
         Debug\Presenter.obj
         Arcanoid.vcxproj -> C:\Users\arsentii\Documents\Visual Studio 2012\Projects\Arcanoid\Debug\Arcanoid.exe
     1>Done Building Project "C:\Users\arsentii\Documents\Visual Studio 2012\Projects\Arcanoid\Arcanoid\Arcanoid.vcxproj" (Build target(s)).

Build succeeded.

Time Elapsed 00:00:05.05
