C:\USERS\ARSENTII\DESKTOP\TASK4VERSION2\EXEPART\DEBUG\MAIN.OBJ
C:\USERS\ARSENTII\DESKTOP\TASK4VERSION2\EXEPART\DEBUG\VC110.PDB
C:\USERS\ARSENTII\DESKTOP\TASK4VERSION2\DEBUG\EXEPART.ILK
C:\USERS\ARSENTII\DESKTOP\TASK4VERSION2\DEBUG\EXEPART.EXE
C:\USERS\ARSENTII\DESKTOP\TASK4VERSION2\DEBUG\EXEPART.PDB
C:\Users\arsentii\Desktop\Task4Version2\EXEPart\Debug\main.obj
C:\Users\arsentii\Desktop\Task4Version2\EXEPart\Debug\cl.command.1.tlog
C:\Users\arsentii\Desktop\Task4Version2\EXEPart\Debug\CL.read.1.tlog
C:\Users\arsentii\Desktop\Task4Version2\EXEPart\Debug\CL.write.1.tlog
C:\Users\arsentii\Desktop\Task4Version2\EXEPart\Debug\link-cvtres.read.1.tlog
C:\Users\arsentii\Desktop\Task4Version2\EXEPart\Debug\link-cvtres.write.1.tlog
C:\Users\arsentii\Desktop\Task4Version2\EXEPart\Debug\link-rc.read.1.tlog
C:\Users\arsentii\Desktop\Task4Version2\EXEPart\Debug\link-rc.write.1.tlog
C:\Users\arsentii\Desktop\Task4Version2\EXEPart\Debug\link.command.1.tlog
C:\Users\arsentii\Desktop\Task4Version2\EXEPart\Debug\link.read.1.tlog
C:\Users\arsentii\Desktop\Task4Version2\EXEPart\Debug\link.write.1.tlog
C:\Users\arsentii\Desktop\Task4Version2\EXEPart\Debug\vc110.idb
C:\Users\arsentii\Desktop\Task4Version2\EXEPart\Debug\vc110.pdb
C:\Users\arsentii\Desktop\Task4Version2\Debug\EXEPart.pdb
C:\Users\arsentii\Desktop\Task4Version2\Debug\EXEPart.exe
C:\Users\arsentii\Desktop\Task4Version2\Debug\EXEPart.ilk
