C:\USERS\ARSENTII\DESKTOP\TASK4VERSION2\EXEPART2\DEBUG\MAIN2.OBJ
C:\USERS\ARSENTII\DESKTOP\TASK4VERSION2\EXEPART2\DEBUG\VC110.PDB
C:\USERS\ARSENTII\DESKTOP\TASK4VERSION2\DEBUG\EXEPART2.ILK
C:\USERS\ARSENTII\DESKTOP\TASK4VERSION2\DEBUG\EXEPART2.EXE
C:\USERS\ARSENTII\DESKTOP\TASK4VERSION2\DEBUG\EXEPART2.PDB
C:\Users\arsentii\Desktop\Task4Version2\EXEPart2\Debug\main2.obj
C:\Users\arsentii\Desktop\Task4Version2\EXEPart2\Debug\cl.command.1.tlog
C:\Users\arsentii\Desktop\Task4Version2\EXEPart2\Debug\CL.read.1.tlog
C:\Users\arsentii\Desktop\Task4Version2\EXEPart2\Debug\CL.write.1.tlog
C:\Users\arsentii\Desktop\Task4Version2\EXEPart2\Debug\link-cvtres.read.1.tlog
C:\Users\arsentii\Desktop\Task4Version2\EXEPart2\Debug\link-cvtres.write.1.tlog
C:\Users\arsentii\Desktop\Task4Version2\EXEPart2\Debug\link-rc.read.1.tlog
C:\Users\arsentii\Desktop\Task4Version2\EXEPart2\Debug\link-rc.write.1.tlog
C:\Users\arsentii\Desktop\Task4Version2\EXEPart2\Debug\link.command.1.tlog
C:\Users\arsentii\Desktop\Task4Version2\EXEPart2\Debug\link.read.1.tlog
C:\Users\arsentii\Desktop\Task4Version2\EXEPart2\Debug\link.write.1.tlog
C:\Users\arsentii\Desktop\Task4Version2\EXEPart2\Debug\vc110.idb
C:\Users\arsentii\Desktop\Task4Version2\EXEPart2\Debug\vc110.pdb
C:\Users\arsentii\Desktop\Task4Version2\Debug\EXEPart2.pdb
C:\Users\arsentii\Desktop\Task4Version2\Debug\EXEPart2.exe
C:\Users\arsentii\Desktop\Task4Version2\Debug\EXEPart2.ilk
