C:\USERS\ARSENTII\DOCUMENTS\VISUAL STUDIO 2012\PROJECTS\TASK7\TASK7\DEBUG\VC110.PDB
C:\USERS\ARSENTII\DOCUMENTS\VISUAL STUDIO 2012\PROJECTS\TASK7\TASK7\DEBUG\MAIN.OBJ
C:\USERS\ARSENTII\DOCUMENTS\VISUAL STUDIO 2012\PROJECTS\TASK7\DEBUG\TASK7.ILK
C:\USERS\ARSENTII\DOCUMENTS\VISUAL STUDIO 2012\PROJECTS\TASK7\DEBUG\TASK7.EXE
C:\USERS\ARSENTII\DOCUMENTS\VISUAL STUDIO 2012\PROJECTS\TASK7\DEBUG\TASK7.PDB
C:\Users\arsentii\Documents\Visual Studio 2012\Projects\Task7\Task7\Debug\main.obj
C:\Users\arsentii\Documents\Visual Studio 2012\Projects\Task7\Task7\Debug\cl.command.1.tlog
C:\Users\arsentii\Documents\Visual Studio 2012\Projects\Task7\Task7\Debug\CL.read.1.tlog
C:\Users\arsentii\Documents\Visual Studio 2012\Projects\Task7\Task7\Debug\CL.write.1.tlog
C:\Users\arsentii\Documents\Visual Studio 2012\Projects\Task7\Task7\Debug\link-cvtres.read.1.tlog
C:\Users\arsentii\Documents\Visual Studio 2012\Projects\Task7\Task7\Debug\link-cvtres.write.1.tlog
C:\Users\arsentii\Documents\Visual Studio 2012\Projects\Task7\Task7\Debug\link-rc.read.1.tlog
C:\Users\arsentii\Documents\Visual Studio 2012\Projects\Task7\Task7\Debug\link-rc.write.1.tlog
C:\Users\arsentii\Documents\Visual Studio 2012\Projects\Task7\Task7\Debug\link.command.1.tlog
C:\Users\arsentii\Documents\Visual Studio 2012\Projects\Task7\Task7\Debug\link.read.1.tlog
C:\Users\arsentii\Documents\Visual Studio 2012\Projects\Task7\Task7\Debug\link.write.1.tlog
C:\Users\arsentii\Documents\Visual Studio 2012\Projects\Task7\Task7\Debug\vc110.idb
C:\Users\arsentii\Documents\Visual Studio 2012\Projects\Task7\Task7\Debug\vc110.pdb
C:\Users\arsentii\Documents\Visual Studio 2012\Projects\Task7\Debug\Task7.pdb
C:\Users\arsentii\Documents\Visual Studio 2012\Projects\Task7\Debug\Task7.exe
C:\Users\arsentii\Documents\Visual Studio 2012\Projects\Task7\Debug\Task7.ilk
