C:\USERS\ARSENTII\DESKTOP\TASK4VERSION2\DLLPART\DEBUG\WORDSCOUNTER.OBJ
C:\USERS\ARSENTII\DESKTOP\TASK4VERSION2\DLLPART\DEBUG\VC110.PDB
C:\Users\arsentii\Desktop\Task4Version2\Debug\DLLPart.lib
C:\Users\arsentii\Desktop\Task4Version2\Debug\DLLPart.exp
C:\USERS\ARSENTII\DESKTOP\TASK4VERSION2\DEBUG\DLLPART.ILK
C:\USERS\ARSENTII\DESKTOP\TASK4VERSION2\DEBUG\DLLPART.DLL
C:\USERS\ARSENTII\DESKTOP\TASK4VERSION2\DEBUG\DLLPART.PDB
C:\Users\arsentii\Desktop\Task4Version2\DLLPart\Debug\WordsCounter.obj
C:\Users\arsentii\Desktop\Task4Version2\DLLPart\Debug\cl.command.1.tlog
C:\Users\arsentii\Desktop\Task4Version2\DLLPart\Debug\CL.read.1.tlog
C:\Users\arsentii\Desktop\Task4Version2\DLLPart\Debug\CL.write.1.tlog
C:\Users\arsentii\Desktop\Task4Version2\DLLPart\Debug\DLLPart.write.1.tlog
C:\Users\arsentii\Desktop\Task4Version2\DLLPart\Debug\link-cvtres.read.1.tlog
C:\Users\arsentii\Desktop\Task4Version2\DLLPart\Debug\link-cvtres.write.1.tlog
C:\Users\arsentii\Desktop\Task4Version2\DLLPart\Debug\link-rc.read.1.tlog
C:\Users\arsentii\Desktop\Task4Version2\DLLPart\Debug\link-rc.write.1.tlog
C:\Users\arsentii\Desktop\Task4Version2\DLLPart\Debug\link.command.1.tlog
C:\Users\arsentii\Desktop\Task4Version2\DLLPart\Debug\link.read.1.tlog
C:\Users\arsentii\Desktop\Task4Version2\DLLPart\Debug\link.write.1.tlog
C:\Users\arsentii\Desktop\Task4Version2\DLLPart\Debug\vc110.idb
C:\Users\arsentii\Desktop\Task4Version2\DLLPart\Debug\vc110.pdb
C:\Users\arsentii\Desktop\Task4Version2\Debug\DLLPart.pdb
C:\Users\arsentii\Desktop\Task4Version2\Debug\DLLPart.dll
C:\Users\arsentii\Desktop\Task4Version2\Debug\DLLPart.ilk
