C:\USERS\ARSENTII\DOCUMENTS\VISUAL STUDIO 2012\PROJECTS\TASK5\CLEANERUNIT\DEBUG\MAIN.OBJ
C:\USERS\ARSENTII\DOCUMENTS\VISUAL STUDIO 2012\PROJECTS\TASK5\CLEANERUNIT\DEBUG\VC110.PDB
C:\USERS\ARSENTII\DOCUMENTS\VISUAL STUDIO 2012\PROJECTS\TASK5\DEBUG\CLEANERUNIT.ILK
C:\USERS\ARSENTII\DOCUMENTS\VISUAL STUDIO 2012\PROJECTS\TASK5\DEBUG\CLEANERUNIT.EXE
C:\USERS\ARSENTII\DOCUMENTS\VISUAL STUDIO 2012\PROJECTS\TASK5\DEBUG\CLEANERUNIT.PDB
C:\Users\arsentii\Documents\Visual Studio 2012\Projects\Task5\CleanerUnit\Debug\main.obj
C:\Users\arsentii\Documents\Visual Studio 2012\Projects\Task5\CleanerUnit\Debug\cl.command.1.tlog
C:\Users\arsentii\Documents\Visual Studio 2012\Projects\Task5\CleanerUnit\Debug\CL.read.1.tlog
C:\Users\arsentii\Documents\Visual Studio 2012\Projects\Task5\CleanerUnit\Debug\CL.write.1.tlog
C:\Users\arsentii\Documents\Visual Studio 2012\Projects\Task5\CleanerUnit\Debug\link-cvtres.read.1.tlog
C:\Users\arsentii\Documents\Visual Studio 2012\Projects\Task5\CleanerUnit\Debug\link-cvtres.write.1.tlog
C:\Users\arsentii\Documents\Visual Studio 2012\Projects\Task5\CleanerUnit\Debug\link-rc.read.1.tlog
C:\Users\arsentii\Documents\Visual Studio 2012\Projects\Task5\CleanerUnit\Debug\link-rc.write.1.tlog
C:\Users\arsentii\Documents\Visual Studio 2012\Projects\Task5\CleanerUnit\Debug\link.command.1.tlog
C:\Users\arsentii\Documents\Visual Studio 2012\Projects\Task5\CleanerUnit\Debug\link.read.1.tlog
C:\Users\arsentii\Documents\Visual Studio 2012\Projects\Task5\CleanerUnit\Debug\link.write.1.tlog
C:\Users\arsentii\Documents\Visual Studio 2012\Projects\Task5\CleanerUnit\Debug\vc110.idb
C:\Users\arsentii\Documents\Visual Studio 2012\Projects\Task5\CleanerUnit\Debug\vc110.pdb
C:\Users\arsentii\Documents\Visual Studio 2012\Projects\Task5\Debug\CleanerUnit.pdb
C:\Users\arsentii\Documents\Visual Studio 2012\Projects\Task5\Debug\CleanerUnit.exe
C:\Users\arsentii\Documents\Visual Studio 2012\Projects\Task5\Debug\CleanerUnit.ilk
