C:\USERS\ARSENTII\DESKTOP\TASK4VERSION2\EXEPART3\DEBUG\MAIN3.OBJ
C:\USERS\ARSENTII\DESKTOP\TASK4VERSION2\EXEPART3\DEBUG\VC110.PDB
C:\USERS\ARSENTII\DESKTOP\TASK4VERSION2\DEBUG\EXEPART3.ILK
C:\USERS\ARSENTII\DESKTOP\TASK4VERSION2\DEBUG\EXEPART3.EXE
C:\USERS\ARSENTII\DESKTOP\TASK4VERSION2\DEBUG\EXEPART3.PDB
C:\Users\arsentii\Desktop\Task4Version2\EXEPart3\Debug\main3.obj
C:\Users\arsentii\Desktop\Task4Version2\EXEPart3\Debug\cl.command.1.tlog
C:\Users\arsentii\Desktop\Task4Version2\EXEPart3\Debug\CL.read.1.tlog
C:\Users\arsentii\Desktop\Task4Version2\EXEPart3\Debug\CL.write.1.tlog
C:\Users\arsentii\Desktop\Task4Version2\EXEPart3\Debug\link-cvtres.read.1.tlog
C:\Users\arsentii\Desktop\Task4Version2\EXEPart3\Debug\link-cvtres.write.1.tlog
C:\Users\arsentii\Desktop\Task4Version2\EXEPart3\Debug\link-rc.read.1.tlog
C:\Users\arsentii\Desktop\Task4Version2\EXEPart3\Debug\link-rc.write.1.tlog
C:\Users\arsentii\Desktop\Task4Version2\EXEPart3\Debug\link.command.1.tlog
C:\Users\arsentii\Desktop\Task4Version2\EXEPart3\Debug\link.read.1.tlog
C:\Users\arsentii\Desktop\Task4Version2\EXEPart3\Debug\link.write.1.tlog
C:\Users\arsentii\Desktop\Task4Version2\EXEPart3\Debug\vc110.idb
C:\Users\arsentii\Desktop\Task4Version2\EXEPart3\Debug\vc110.pdb
C:\Users\arsentii\Desktop\Task4Version2\Debug\EXEPart3.pdb
C:\Users\arsentii\Desktop\Task4Version2\Debug\EXEPart3.exe
C:\Users\arsentii\Desktop\Task4Version2\Debug\EXEPart3.ilk
